<?xml version="1.0" encoding="utf-8"?><testsuites name="pytest tests"><testsuite name="pytest" errors="0" failures="0" skipped="0" tests="13" time="1.483" timestamp="2026-04-30T12:48:17.929323+00:00" hostname="agent-env-c31c3528-5d50-4e0a-98be-f2429ca59a64"><testcase classname="backend.tests.test_nacho30_api.TestRoot" name="test_root" time="0.313" /><testcase classname="backend.tests.test_nacho30_api.TestRSVP" name="test_rsvp_yes_full" time="0.058" /><testcase classname="backend.tests.test_nacho30_api.TestRSVP" name="test_rsvp_no_minimal" time="0.050" /><testcase classname="backend.tests.test_nacho30_api.TestRSVP" name="test_rsvp_missing_firstname" time="0.050" /><testcase classname="backend.tests.test_nacho30_api.TestRSVP" name="test_rsvp_invalid_attendance" time="0.052" /><testcase classname="backend.tests.test_nacho30_api.TestAdminAuth" name="test_login_correct" time="0.053" /><testcase classname="backend.tests.test_nacho30_api.TestAdminAuth" name="test_login_wrong" time="0.053" /><testcase classname="backend.tests.test_nacho30_api.TestAdminRsvps" name="test_list_without_token" time="0.058" /><testcase classname="backend.tests.test_nacho30_api.TestAdminRsvps" name="test_list_wrong_token" time="0.049" /><testcase classname="backend.tests.test_nacho30_api.TestAdminRsvps" name="test_list_with_token" time="0.120" /><testcase classname="backend.tests.test_nacho30_api.TestAdminRsvps" name="test_delete_without_token" time="0.048" /><testcase classname="backend.tests.test_nacho30_api.TestAdminRsvps" name="test_delete_nonexistent" time="0.052" /><testcase classname="backend.tests.test_nacho30_api.TestAdminRsvps" name="test_delete_existing" time="0.300" /></testsuite></testsuites>